2026-02-05T06:43:16:   ▲ Next.js 13.5.6
2026-02-05T06:43:16:   - Local:        http://localhost:8090
2026-02-05T06:43:16: 
2026-02-05T06:43:16:  ✓ Ready in 2.2s
2026-02-05T10:42:57:   ▲ Next.js 13.5.6
2026-02-05T10:42:57:   - Local:        http://localhost:8090
2026-02-05T10:42:57: 
2026-02-05T10:42:57:  ✓ Ready in 1003ms
2026-02-05T10:51:38:   ▲ Next.js 13.5.6
2026-02-05T10:51:38:   - Local:        http://localhost:8090
2026-02-05T10:51:38: 
2026-02-05T10:51:38:  ✓ Ready in 1229ms
2026-02-05T11:08:56:   ▲ Next.js 13.5.6
2026-02-05T11:08:56:   - Local:        http://localhost:8090
2026-02-05T11:08:56: 
2026-02-05T11:08:56:  ✓ Ready in 925ms
2026-02-05T11:10:31:   ▲ Next.js 13.5.6
2026-02-05T11:10:31:   - Local:        http://localhost:8090
2026-02-05T11:10:31: 
2026-02-05T11:10:31:  ✓ Ready in 1075ms
2026-02-05T11:18:04:   ▲ Next.js 13.5.6
2026-02-05T11:18:04:   - Local:        http://localhost:8090
2026-02-05T11:18:04: 
2026-02-05T11:18:04:  ✓ Ready in 1402ms
2026-02-05T11:25:39:   ▲ Next.js 13.5.6
2026-02-05T11:25:39:   - Local:        http://localhost:8090
2026-02-05T11:25:39: 
2026-02-05T11:25:39:  ✓ Ready in 930ms
2026-02-05T11:33:58:   ▲ Next.js 13.5.6
2026-02-05T11:33:58:   - Local:        http://localhost:8090
2026-02-05T11:33:58: 
2026-02-05T11:33:58:  ✓ Ready in 1017ms
2026-02-05T11:46:44:   ▲ Next.js 13.5.6
2026-02-05T11:46:44:   - Local:        http://localhost:8090
2026-02-05T11:46:44: 
2026-02-05T11:46:44:  ✓ Ready in 1255ms
2026-02-05T13:28:38:   ▲ Next.js 13.5.6
2026-02-05T13:28:38:   - Local:        http://localhost:8090
2026-02-05T13:28:38: 
2026-02-05T13:28:38:  ✓ Ready in 1217ms
2026-02-05T14:23:52:   ▲ Next.js 13.5.6
2026-02-05T14:23:52:   - Local:        http://localhost:8090
2026-02-05T14:23:52: 
2026-02-05T14:23:52:  ✓ Ready in 876ms
