2026-02-05T06:43:16:   ▲ Next.js 13.5.6
2026-02-05T06:43:16:   - Local:        http://localhost:8090
2026-02-05T06:43:16: 
2026-02-05T06:43:16:  ✓ Ready in 2.4s
2026-02-05T10:42:57:   ▲ Next.js 13.5.6
2026-02-05T10:42:57:   - Local:        http://localhost:8090
2026-02-05T10:42:57: 
2026-02-05T10:42:57:  ✓ Ready in 1043ms
2026-02-05T10:51:38:   ▲ Next.js 13.5.6
2026-02-05T10:51:38:   - Local:        http://localhost:8090
2026-02-05T10:51:38: 
2026-02-05T10:51:38:  ✓ Ready in 1425ms
2026-02-05T11:08:56:   ▲ Next.js 13.5.6
2026-02-05T11:08:56:   - Local:        http://localhost:8090
2026-02-05T11:08:56: 
2026-02-05T11:08:56:  ✓ Ready in 847ms
2026-02-05T11:10:31:   ▲ Next.js 13.5.6
2026-02-05T11:10:31:   - Local:        http://localhost:8090
2026-02-05T11:10:31: 
2026-02-05T11:10:31:  ✓ Ready in 1172ms
2026-02-05T11:18:04:   ▲ Next.js 13.5.6
2026-02-05T11:18:04:   - Local:        http://localhost:8090
2026-02-05T11:18:04: 
2026-02-05T11:18:04:  ✓ Ready in 1577ms
2026-02-05T11:25:39:   ▲ Next.js 13.5.6
2026-02-05T11:25:39:   - Local:        http://localhost:8090
2026-02-05T11:25:39: 
2026-02-05T11:25:39:  ✓ Ready in 1006ms
2026-02-05T11:33:58:   ▲ Next.js 13.5.6
2026-02-05T11:33:58:   - Local:        http://localhost:8090
2026-02-05T11:33:58: 
2026-02-05T11:33:58:  ✓ Ready in 968ms
2026-02-05T11:46:44:   ▲ Next.js 13.5.6
2026-02-05T11:46:44:   - Local:        http://localhost:8090
2026-02-05T11:46:44: 
2026-02-05T11:46:44:  ✓ Ready in 1414ms
2026-02-05T13:28:38:   ▲ Next.js 13.5.6
2026-02-05T13:28:38:   - Local:        http://localhost:8090
2026-02-05T13:28:38: 
2026-02-05T13:28:38:  ✓ Ready in 1577ms
2026-02-05T14:23:52:   ▲ Next.js 13.5.6
2026-02-05T14:23:52:   - Local:        http://localhost:8090
2026-02-05T14:23:52: 
2026-02-05T14:23:52:  ✓ Ready in 976ms
2026-02-05T14:26:12:   ▲ Next.js 13.5.6
2026-02-05T14:26:12:   - Local:        http://localhost:8090
2026-02-05T14:26:12: 
2026-02-05T14:26:12:  ✓ Ready in 570ms
2026-02-05T14:29:10:   ▲ Next.js 13.5.6
2026-02-05T14:29:10:   - Local:        http://localhost:8090
2026-02-05T14:29:10: 
2026-02-05T14:29:10:  ✓ Ready in 686ms
2026-02-05T14:37:14:   ▲ Next.js 13.5.6
2026-02-05T14:37:14:   - Local:        http://localhost:8090
2026-02-05T14:37:14: 
2026-02-05T14:37:14:  ✓ Ready in 614ms
2026-02-05T15:18:12:   ▲ Next.js 13.5.6
2026-02-05T15:18:12:   - Local:        http://localhost:8090
2026-02-05T15:18:12: 
2026-02-05T15:18:12:  ✓ Ready in 619ms
2026-02-06T13:52:40:   ▲ Next.js 13.5.6
2026-02-06T13:52:40:   - Local:        http://localhost:8090
2026-02-06T13:52:40: 
2026-02-06T13:52:40:  ✓ Ready in 947ms
2026-02-06T14:00:26:   ▲ Next.js 13.5.6
2026-02-06T14:00:26:   - Local:        http://localhost:8090
2026-02-06T14:00:26: 
2026-02-06T14:00:26:  ✓ Ready in 704ms
2026-02-06T14:30:02:   ▲ Next.js 13.5.6
2026-02-06T14:30:02:   - Local:        http://localhost:8090
2026-02-06T14:30:02: 
2026-02-06T14:30:02:  ✓ Ready in 587ms
2026-02-06T14:38:14:   ▲ Next.js 13.5.6
2026-02-06T14:38:14:   - Local:        http://localhost:8090
2026-02-06T14:38:14: 
2026-02-06T14:38:14:  ✓ Ready in 734ms
2026-02-06T14:39:43:   ▲ Next.js 13.5.6
2026-02-06T14:39:43:   - Local:        http://localhost:8090
2026-02-06T14:39:43: 
2026-02-06T14:39:43:  ✓ Ready in 611ms
2026-02-06T14:43:48:   ▲ Next.js 13.5.6
2026-02-06T14:43:48:   - Local:        http://localhost:8090
2026-02-06T14:43:48: 
2026-02-06T14:43:48:  ✓ Ready in 677ms
2026-02-06T14:46:12:   ▲ Next.js 13.5.6
2026-02-06T14:46:12:   - Local:        http://localhost:8090
2026-02-06T14:46:12: 
2026-02-06T14:46:12:  ✓ Ready in 711ms
2026-02-06T14:49:07:   ▲ Next.js 13.5.6
2026-02-06T14:49:07:   - Local:        http://localhost:8090
2026-02-06T14:49:07: 
2026-02-06T14:49:07:  ✓ Ready in 651ms
2026-02-06T14:58:22:   ▲ Next.js 13.5.6
2026-02-06T14:58:22:   - Local:        http://localhost:8090
2026-02-06T14:58:22: 
2026-02-06T14:58:22:  ✓ Ready in 574ms
2026-02-09T13:47:08:   ▲ Next.js 13.5.6
2026-02-09T13:47:08:   - Local:        http://localhost:8090
2026-02-09T13:47:08: 
2026-02-09T13:47:08:  ✓ Ready in 930ms
2026-02-09T13:52:24:   ▲ Next.js 13.5.6
2026-02-09T13:52:24:   - Local:        http://localhost:8090
2026-02-09T13:52:24: 
2026-02-09T13:52:24:  ✓ Ready in 763ms
2026-02-09T14:08:58:   ▲ Next.js 13.5.6
2026-02-09T14:08:58:   - Local:        http://localhost:8090
2026-02-09T14:08:58: 
2026-02-09T14:08:58:  ✓ Ready in 688ms
2026-02-09T14:12:38:   ▲ Next.js 13.5.6
2026-02-09T14:12:38:   - Local:        http://localhost:8090
2026-02-09T14:12:38: 
2026-02-09T14:12:38:  ✓ Ready in 777ms
2026-02-09T17:20:28:   ▲ Next.js 13.5.6
2026-02-09T17:20:28:   - Local:        http://localhost:8090
2026-02-09T17:20:28: 
2026-02-09T17:20:28:  ✓ Ready in 722ms
2026-02-09T17:24:07:   ▲ Next.js 13.5.6
2026-02-09T17:24:07:   - Local:        http://localhost:8090
2026-02-09T17:24:07: 
2026-02-09T17:24:07:  ✓ Ready in 592ms
2026-02-09T17:26:18:   ▲ Next.js 13.5.6
2026-02-09T17:26:18:   - Local:        http://localhost:8090
2026-02-09T17:26:18: 
2026-02-09T17:26:18:  ✓ Ready in 589ms
2026-02-09T17:27:56:   ▲ Next.js 13.5.6
2026-02-09T17:27:56:   - Local:        http://localhost:8090
2026-02-09T17:27:56: 
2026-02-09T17:27:56:  ✓ Ready in 629ms
2026-02-09T17:29:01:   ▲ Next.js 13.5.6
2026-02-09T17:29:01:   - Local:        http://localhost:8090
2026-02-09T17:29:01: 
2026-02-09T17:29:01:  ✓ Ready in 609ms
2026-02-09T17:31:40:   ▲ Next.js 13.5.6
2026-02-09T17:31:40:   - Local:        http://localhost:8090
2026-02-09T17:31:40: 
2026-02-09T17:31:40:  ✓ Ready in 657ms
2026-02-09T17:34:46:   ▲ Next.js 13.5.6
2026-02-09T17:34:46:   - Local:        http://localhost:8090
2026-02-09T17:34:46: 
2026-02-09T17:34:46:  ✓ Ready in 684ms
2026-02-10T13:31:28:   ▲ Next.js 13.5.6
2026-02-10T13:31:28:   - Local:        http://localhost:8090
2026-02-10T13:31:28: 
2026-02-10T13:31:28:  ✓ Ready in 685ms
2026-02-10T13:49:12:   ▲ Next.js 13.5.6
2026-02-10T13:49:12:   - Local:        http://localhost:8090
2026-02-10T13:49:12: 
2026-02-10T13:49:12:  ✓ Ready in 699ms
2026-02-10T14:04:00:   ▲ Next.js 13.5.6
2026-02-10T14:04:00:   - Local:        http://localhost:8090
2026-02-10T14:04:00: 
2026-02-10T14:04:00:  ✓ Ready in 920ms
2026-02-10T14:08:24:   ▲ Next.js 13.5.6
2026-02-10T14:08:24:   - Local:        http://localhost:8090
2026-02-10T14:08:24: 
2026-02-10T14:08:24:  ✓ Ready in 629ms
2026-02-10T14:18:40:   ▲ Next.js 13.5.6
2026-02-10T14:18:40:   - Local:        http://localhost:8090
2026-02-10T14:18:40: 
2026-02-10T14:18:40:  ✓ Ready in 610ms
2026-02-10T14:44:31:   ▲ Next.js 13.5.6
2026-02-10T14:44:31:   - Local:        http://localhost:8090
2026-02-10T14:44:31: 
2026-02-10T14:44:31:  ✓ Ready in 582ms
2026-02-10T15:01:30:   ▲ Next.js 13.5.6
2026-02-10T15:01:30:   - Local:        http://localhost:8090
2026-02-10T15:01:30: 
2026-02-10T15:01:30:  ✓ Ready in 650ms
2026-02-10T15:18:34:   ▲ Next.js 13.5.6
2026-02-10T15:18:34:   - Local:        http://localhost:8090
2026-02-10T15:18:34: 
2026-02-10T15:18:34:  ✓ Ready in 715ms
2026-02-10T15:19:37:   ▲ Next.js 13.5.6
2026-02-10T15:19:37:   - Local:        http://localhost:8090
2026-02-10T15:19:37: 
2026-02-10T15:19:37:  ✓ Ready in 639ms
2026-02-10T15:23:50:   ▲ Next.js 13.5.6
2026-02-10T15:23:50:   - Local:        http://localhost:8090
2026-02-10T15:23:50: 
2026-02-10T15:23:50:  ✓ Ready in 690ms
2026-02-10T15:26:21:   ▲ Next.js 13.5.6
2026-02-10T15:26:21:   - Local:        http://localhost:8090
2026-02-10T15:26:21: 
2026-02-10T15:26:21:  ✓ Ready in 575ms
2026-02-11T14:59:21:   ▲ Next.js 13.5.6
2026-02-11T14:59:21:   - Local:        http://localhost:8090
2026-02-11T14:59:21: 
2026-02-11T14:59:21:  ✓ Ready in 818ms
2026-02-11T15:03:34:   ▲ Next.js 13.5.6
2026-02-11T15:03:34:   - Local:        http://localhost:8090
2026-02-11T15:03:34: 
2026-02-11T15:03:34:  ✓ Ready in 929ms
2026-02-14T06:27:02:   ▲ Next.js 13.5.6
2026-02-14T06:27:02:   - Local:        http://localhost:8090
2026-02-14T06:27:02: 
2026-02-14T06:27:02:  ✓ Ready in 3.6s
2026-02-18T09:53:48:   ▲ Next.js 13.5.6
2026-02-18T09:53:48:   - Local:        http://localhost:8090
2026-02-18T09:53:48: 
2026-02-18T09:53:48:  ✓ Ready in 601ms
2026-02-18T10:02:27:   ▲ Next.js 13.5.6
2026-02-18T10:02:27:   - Local:        http://localhost:8090
2026-02-18T10:02:27: 
2026-02-18T10:02:27:  ✓ Ready in 726ms
2026-02-18T10:19:23:   ▲ Next.js 13.5.6
2026-02-18T10:19:23:   - Local:        http://localhost:8090
2026-02-18T10:19:23: 
2026-02-18T10:19:23:  ✓ Ready in 760ms
2026-02-18T10:25:27:   ▲ Next.js 13.5.6
2026-02-18T10:25:27:   - Local:        http://localhost:8090
2026-02-18T10:25:27: 
2026-02-18T10:25:27:  ✓ Ready in 670ms
2026-02-18T10:35:26:   ▲ Next.js 13.5.6
2026-02-18T10:35:26:   - Local:        http://localhost:8090
2026-02-18T10:35:26: 
2026-02-18T10:35:26:  ✓ Ready in 636ms
2026-02-18T11:34:21:   ▲ Next.js 13.5.6
2026-02-18T11:34:21:   - Local:        http://localhost:8090
2026-02-18T11:34:21: 
2026-02-18T11:34:21:  ✓ Ready in 5.8s
2026-02-21T00:35:17:   ▲ Next.js 13.5.6
2026-02-21T00:35:17:   - Local:        http://localhost:8090
2026-02-21T00:35:17: 
2026-02-21T00:35:17:  ✓ Ready in 2.1s
2026-02-22T00:08:26:   ▲ Next.js 13.5.6
2026-02-22T00:08:26:   - Local:        http://localhost:8090
2026-02-22T00:08:26: 
2026-02-22T00:08:26:  ✓ Ready in 1992ms
2026-02-22T21:58:08:   ▲ Next.js 13.5.6
2026-02-22T21:58:08:   - Local:        http://localhost:8090
2026-02-22T21:58:08: 
2026-02-22T21:58:08:  ✓ Ready in 5.1s
2026-02-22T22:21:37:   ▲ Next.js 13.5.6
2026-02-22T22:21:37:   - Local:        http://localhost:8090
2026-02-22T22:21:37: 
2026-02-22T22:21:37:  ✓ Ready in 784ms
2026-02-22T22:40:14:   ▲ Next.js 13.5.6
2026-02-22T22:40:14:   - Local:        http://localhost:8090
2026-02-22T22:40:14: 
2026-02-22T22:40:14:  ✓ Ready in 1254ms
2026-02-22T22:51:51:   ▲ Next.js 13.5.6
2026-02-22T22:51:51:   - Local:        http://localhost:8090
2026-02-22T22:51:51: 
2026-02-22T22:51:51:  ✓ Ready in 925ms
2026-02-23T00:41:58:   ▲ Next.js 13.5.6
2026-02-23T00:41:58:   - Local:        http://localhost:8090
2026-02-23T00:41:58: 
2026-02-23T00:41:58:  ✓ Ready in 1331ms
2026-02-23T00:42:38:   ▲ Next.js 13.5.6
2026-02-23T00:42:38:   - Local:        http://localhost:8090
2026-02-23T00:42:38: 
2026-02-23T00:42:38:  ✓ Ready in 786ms
2026-02-23T00:49:44:   ▲ Next.js 13.5.6
2026-02-23T00:49:44:   - Local:        http://localhost:8090
2026-02-23T00:49:44: 
2026-02-23T00:49:44:  ✓ Ready in 1222ms
2026-02-23T00:53:01:   ▲ Next.js 13.5.6
2026-02-23T00:53:01:   - Local:        http://localhost:8090
2026-02-23T00:53:01: 
2026-02-23T00:53:01:  ✓ Ready in 1282ms
2026-02-23T09:50:10:   ▲ Next.js 13.5.6
2026-02-23T09:50:10:   - Local:        http://localhost:8090
2026-02-23T09:50:10: 
2026-02-23T09:50:10:  ✓ Ready in 1366ms
2026-02-23T10:50:40:   ▲ Next.js 13.5.6
2026-02-23T10:50:40:   - Local:        http://localhost:8090
2026-02-23T10:50:40: 
2026-02-23T10:50:40:  ✓ Ready in 1062ms
2026-02-23T11:31:18:   ▲ Next.js 13.5.6
2026-02-23T11:31:18:   - Local:        http://localhost:8090
2026-02-23T11:31:18: 
2026-02-23T11:31:18:  ✓ Ready in 772ms
2026-02-23T11:33:13:   ▲ Next.js 13.5.6
2026-02-23T11:33:13:   - Local:        http://localhost:8090
2026-02-23T11:33:13: 
2026-02-23T11:33:13:  ✓ Ready in 932ms
2026-02-23T11:40:59:   ▲ Next.js 13.5.6
2026-02-23T11:40:59:   - Local:        http://localhost:8090
2026-02-23T11:40:59: 
2026-02-23T11:40:59:  ✓ Ready in 881ms
2026-02-23T13:44:34:   ▲ Next.js 13.5.6
2026-02-23T13:44:34:   - Local:        http://localhost:8090
2026-02-23T13:44:34: 
2026-02-23T13:44:34:  ✓ Ready in 1677ms
2026-02-23T17:30:42:   ▲ Next.js 13.5.6
2026-02-23T17:30:42:   - Local:        http://localhost:8090
2026-02-23T17:30:42: 
2026-02-23T17:30:43:  ✓ Ready in 1439ms
2026-02-24T05:10:29:   ▲ Next.js 13.5.6
2026-02-24T05:10:29:   - Local:        http://localhost:8090
2026-02-24T05:10:29: 
2026-02-24T05:10:29:  ✓ Ready in 2.5s
2026-02-24T09:18:32:   ▲ Next.js 13.5.6
2026-02-24T09:18:32:   - Local:        http://localhost:8090
2026-02-24T09:18:32: 
2026-02-24T09:18:32:  ✓ Ready in 3.2s
2026-02-24T09:45:24:   ▲ Next.js 13.5.6
2026-02-24T09:45:24:   - Local:        http://localhost:8090
2026-02-24T09:45:24: 
2026-02-24T09:45:24:  ✓ Ready in 2.6s
2026-02-25T14:05:49:   ▲ Next.js 13.5.6
2026-02-25T14:05:49:   - Local:        http://localhost:8090
2026-02-25T14:05:49: 
2026-02-25T14:05:49:  ✓ Ready in 633ms
2026-02-25T14:41:26:   ▲ Next.js 13.5.6
2026-02-25T14:41:26:   - Local:        http://localhost:8090
2026-02-25T14:41:26: 
2026-02-25T14:41:26:  ✓ Ready in 573ms
2026-02-25T15:01:00:   ▲ Next.js 13.5.6
2026-02-25T15:01:00:   - Local:        http://localhost:8090
2026-02-25T15:01:00: 
2026-02-25T15:01:00:  ✓ Ready in 688ms
2026-02-25T15:01:13:   ▲ Next.js 13.5.6
2026-02-25T15:01:13:   - Local:        http://localhost:8090
2026-02-25T15:01:13: 
2026-02-25T15:01:13:  ✓ Ready in 634ms
2026-02-25T15:03:26:   ▲ Next.js 13.5.6
2026-02-25T15:03:26:   - Local:        http://localhost:8090
2026-02-25T15:03:26: 
2026-02-25T15:03:26:  ✓ Ready in 645ms
2026-02-25T15:04:40:   ▲ Next.js 13.5.6
2026-02-25T15:04:40:   - Local:        http://localhost:8090
2026-02-25T15:04:40: 
2026-02-25T15:04:40:  ✓ Ready in 649ms
2026-02-25T15:06:09:   ▲ Next.js 13.5.6
2026-02-25T15:06:09:   - Local:        http://localhost:8090
2026-02-25T15:06:09: 
2026-02-25T15:06:09:  ✓ Ready in 522ms
2026-03-05T17:36:18:   ▲ Next.js 13.5.6
2026-03-05T17:36:18:   - Local:        http://localhost:8090
2026-03-05T17:36:18: 
2026-03-05T17:36:18:  ✓ Ready in 2.2s
2026-03-06T14:09:13:   ▲ Next.js 13.5.6
2026-03-06T14:09:13:   - Local:        http://localhost:8090
2026-03-06T14:09:13: 
2026-03-06T14:09:13:  ✓ Ready in 622ms
2026-03-06T14:10:49:   ▲ Next.js 13.5.6
2026-03-06T14:10:49:   - Local:        http://localhost:8090
2026-03-06T14:10:49: 
2026-03-06T14:10:49:  ✓ Ready in 568ms
2026-03-06T14:15:02:   ▲ Next.js 13.5.6
2026-03-06T14:15:02:   - Local:        http://localhost:8090
2026-03-06T14:15:02: 
2026-03-06T14:15:02:  ✓ Ready in 517ms
2026-03-06T14:16:43:   ▲ Next.js 13.5.6
2026-03-06T14:16:43:   - Local:        http://localhost:8090
2026-03-06T14:16:43: 
2026-03-06T14:16:43:  ✓ Ready in 547ms
2026-03-06T16:56:06:   ▲ Next.js 13.5.6
2026-03-06T16:56:06:   - Local:        http://localhost:8090
2026-03-06T16:56:06: 
2026-03-06T16:56:06:  ✓ Ready in 570ms
2026-03-16T15:29:45:   ▲ Next.js 13.5.6
2026-03-16T15:29:45:   - Local:        http://localhost:8090
2026-03-16T15:29:45: 
2026-03-16T15:29:45:  ✓ Ready in 637ms
2026-03-16T15:51:33:   ▲ Next.js 13.5.6
2026-03-16T15:51:33:   - Local:        http://localhost:8090
2026-03-16T15:51:33: 
2026-03-16T15:51:33:  ✓ Ready in 594ms
2026-03-16T15:57:44:   ▲ Next.js 13.5.6
2026-03-16T15:57:44:   - Local:        http://localhost:8090
2026-03-16T15:57:44: 
2026-03-16T15:57:44:  ✓ Ready in 517ms
2026-03-16T15:59:27:   ▲ Next.js 13.5.6
2026-03-16T15:59:27:   - Local:        http://localhost:8090
2026-03-16T15:59:27: 
2026-03-16T15:59:27:  ✓ Ready in 546ms
