2026-02-04T11:00:02: Invariant: failed to load static page {
  "page": "/",
  "url": "/",
  "initUrl": "https://localhost:8090/"
}
2026-02-04T11:00:02: MissingStaticPage [Error]: Failed to load static file for page: / ENOENT: no such file or directory, open '/root/app-survey/.next/server/pages/index.html'
    at /root/app-survey/node_modules/next/dist/server/require.js:102:19
    at async loadComponentsImpl (/root/app-survey/node_modules/next/dist/server/load-components.js:59:26)
    at async NextNodeServer.findPageComponentsImpl (/root/app-survey/node_modules/next/dist/server/next-server.js:439:36)
    at async NextNodeServer.renderPageComponent (/root/app-survey/node_modules/next/dist/server/base-server.js:1588:24)
    at async NextNodeServer.renderToResponseImpl (/root/app-survey/node_modules/next/dist/server/base-server.js:1638:32)
    at async NextNodeServer.pipeImpl (/root/app-survey/node_modules/next/dist/server/base-server.js:826:25)
    at async NextNodeServer.handleCatchallRenderRequest (/root/app-survey/node_modules/next/dist/server/next-server.js:623:13)
    at async NextNodeServer.handleRequestImpl (/root/app-survey/node_modules/next/dist/server/base-server.js:728:17)
2026-02-04T11:00:02: Error: Cannot find module '/root/app-survey/.next/server/pages/_error.js'
Require stack:
- /root/app-survey/node_modules/next/dist/server/require.js
- /root/app-survey/node_modules/next/dist/server/next-server.js
- /root/app-survey/node_modules/next/dist/server/next.js
- /root/app-survey/node_modules/next/dist/server/lib/start-server.js
- /root/app-survey/node_modules/next/dist/cli/next-start.js
- /root/app-survey/node_modules/next/dist/lib/commands.js
- /root/app-survey/node_modules/next/dist/bin/next
    at Module._resolveFilename (node:internal/modules/cjs/loader:1212:15)
    at /root/app-survey/node_modules/next/dist/server/require-hook.js:54:36
    at Hook._require.Module.require (/root/.nvm/versions/node/v20.19.0/lib/node_modules/pm2/node_modules/require-in-the-middle/index.js:81:25)
    at mod.require (/root/app-survey/node_modules/next/dist/server/require-hook.js:64:28)
    at require (node:internal/modules/helpers:182:18)
    at requirePage (/root/app-survey/node_modules/next/dist/server/require.js:109:84)
    at /root/app-survey/node_modules/next/dist/server/load-components.js:59:84
    at async loadComponentsImpl (/root/app-survey/node_modules/next/dist/server/load-components.js:59:26)
    at async NextNodeServer.findPageComponentsImpl (/root/app-survey/node_modules/next/dist/server/next-server.js:439:36)
    at async NextNodeServer.renderErrorToResponseImpl (/root/app-survey/node_modules/next/dist/server/base-server.js:1804:26) {
  code: 'MODULE_NOT_FOUND',
  requireStack: [
    '/root/app-survey/node_modules/next/dist/server/require.js',
    '/root/app-survey/node_modules/next/dist/server/next-server.js',
    '/root/app-survey/node_modules/next/dist/server/next.js',
    '/root/app-survey/node_modules/next/dist/server/lib/start-server.js',
    '/root/app-survey/node_modules/next/dist/cli/next-start.js',
    '/root/app-survey/node_modules/next/dist/lib/commands.js',
    '/root/app-survey/node_modules/next/dist/bin/next'
  ]
}
2026-02-04T11:00:03: Error: ENOENT: no such file or directory, open '/root/app-survey/.next/BUILD_ID'
    at async open (node:internal/fs/promises:639:25)
    at async Object.readFile (node:internal/fs/promises:1246:14)
    at async setupFsCheck (/root/app-survey/node_modules/next/dist/server/lib/router-utils/filesystem.js:142:19)
    at async initialize (/root/app-survey/node_modules/next/dist/server/lib/router-server.js:56:23)
    at async Server.<anonymous> (/root/app-survey/node_modules/next/dist/server/lib/start-server.js:221:36) {
  errno: -2,
  code: 'ENOENT',
  syscall: 'open',
  path: '/root/app-survey/.next/BUILD_ID'
}
2026-02-04T11:00:04: Error: ENOENT: no such file or directory, open '/root/app-survey/.next/BUILD_ID'
    at async open (node:internal/fs/promises:639:25)
    at async Object.readFile (node:internal/fs/promises:1246:14)
    at async setupFsCheck (/root/app-survey/node_modules/next/dist/server/lib/router-utils/filesystem.js:142:19)
    at async initialize (/root/app-survey/node_modules/next/dist/server/lib/router-server.js:56:23)
    at async Server.<anonymous> (/root/app-survey/node_modules/next/dist/server/lib/start-server.js:221:36) {
  errno: -2,
  code: 'ENOENT',
  syscall: 'open',
  path: '/root/app-survey/.next/BUILD_ID'
}
2026-02-04T11:00:05: Error: ENOENT: no such file or directory, open '/root/app-survey/.next/BUILD_ID'
    at async open (node:internal/fs/promises:639:25)
    at async Object.readFile (node:internal/fs/promises:1246:14)
    at async setupFsCheck (/root/app-survey/node_modules/next/dist/server/lib/router-utils/filesystem.js:142:19)
    at async initialize (/root/app-survey/node_modules/next/dist/server/lib/router-server.js:56:23)
    at async Server.<anonymous> (/root/app-survey/node_modules/next/dist/server/lib/start-server.js:221:36) {
  errno: -2,
  code: 'ENOENT',
  syscall: 'open',
  path: '/root/app-survey/.next/BUILD_ID'
}
2026-02-04T11:00:05: Error: ENOENT: no such file or directory, open '/root/app-survey/.next/BUILD_ID'
    at async open (node:internal/fs/promises:639:25)
    at async Object.readFile (node:internal/fs/promises:1246:14)
    at async setupFsCheck (/root/app-survey/node_modules/next/dist/server/lib/router-utils/filesystem.js:142:19)
    at async initialize (/root/app-survey/node_modules/next/dist/server/lib/router-server.js:56:23)
    at async Server.<anonymous> (/root/app-survey/node_modules/next/dist/server/lib/start-server.js:221:36) {
  errno: -2,
  code: 'ENOENT',
  syscall: 'open',
  path: '/root/app-survey/.next/BUILD_ID'
}
2026-02-04T11:00:06: Error: ENOENT: no such file or directory, open '/root/app-survey/.next/BUILD_ID'
    at async open (node:internal/fs/promises:639:25)
    at async Object.readFile (node:internal/fs/promises:1246:14)
    at async setupFsCheck (/root/app-survey/node_modules/next/dist/server/lib/router-utils/filesystem.js:142:19)
    at async initialize (/root/app-survey/node_modules/next/dist/server/lib/router-server.js:56:23)
    at async Server.<anonymous> (/root/app-survey/node_modules/next/dist/server/lib/start-server.js:221:36) {
  errno: -2,
  code: 'ENOENT',
  syscall: 'open',
  path: '/root/app-survey/.next/BUILD_ID'
}
2026-02-04T11:00:07: Error: ENOENT: no such file or directory, open '/root/app-survey/.next/BUILD_ID'
    at async open (node:internal/fs/promises:639:25)
    at async Object.readFile (node:internal/fs/promises:1246:14)
    at async setupFsCheck (/root/app-survey/node_modules/next/dist/server/lib/router-utils/filesystem.js:142:19)
    at async initialize (/root/app-survey/node_modules/next/dist/server/lib/router-server.js:56:23)
    at async Server.<anonymous> (/root/app-survey/node_modules/next/dist/server/lib/start-server.js:221:36) {
  errno: -2,
  code: 'ENOENT',
  syscall: 'open',
  path: '/root/app-survey/.next/BUILD_ID'
}
2026-02-04T11:00:07: Error: ENOENT: no such file or directory, open '/root/app-survey/.next/BUILD_ID'
    at async open (node:internal/fs/promises:639:25)
    at async Object.readFile (node:internal/fs/promises:1246:14)
    at async setupFsCheck (/root/app-survey/node_modules/next/dist/server/lib/router-utils/filesystem.js:142:19)
    at async initialize (/root/app-survey/node_modules/next/dist/server/lib/router-server.js:56:23)
    at async Server.<anonymous> (/root/app-survey/node_modules/next/dist/server/lib/start-server.js:221:36) {
  errno: -2,
  code: 'ENOENT',
  syscall: 'open',
  path: '/root/app-survey/.next/BUILD_ID'
}
2026-02-04T11:00:08: Error: ENOENT: no such file or directory, open '/root/app-survey/.next/BUILD_ID'
    at async open (node:internal/fs/promises:639:25)
    at async Object.readFile (node:internal/fs/promises:1246:14)
    at async setupFsCheck (/root/app-survey/node_modules/next/dist/server/lib/router-utils/filesystem.js:142:19)
    at async initialize (/root/app-survey/node_modules/next/dist/server/lib/router-server.js:56:23)
    at async Server.<anonymous> (/root/app-survey/node_modules/next/dist/server/lib/start-server.js:221:36) {
  errno: -2,
  code: 'ENOENT',
  syscall: 'open',
  path: '/root/app-survey/.next/BUILD_ID'
}
2026-02-04T11:00:09: Error: ENOENT: no such file or directory, open '/root/app-survey/.next/BUILD_ID'
    at async open (node:internal/fs/promises:639:25)
    at async Object.readFile (node:internal/fs/promises:1246:14)
    at async setupFsCheck (/root/app-survey/node_modules/next/dist/server/lib/router-utils/filesystem.js:142:19)
    at async initialize (/root/app-survey/node_modules/next/dist/server/lib/router-server.js:56:23)
    at async Server.<anonymous> (/root/app-survey/node_modules/next/dist/server/lib/start-server.js:221:36) {
  errno: -2,
  code: 'ENOENT',
  syscall: 'open',
  path: '/root/app-survey/.next/BUILD_ID'
}
2026-02-04T11:00:09: Error: ENOENT: no such file or directory, open '/root/app-survey/.next/BUILD_ID'
    at async open (node:internal/fs/promises:639:25)
    at async Object.readFile (node:internal/fs/promises:1246:14)
    at async setupFsCheck (/root/app-survey/node_modules/next/dist/server/lib/router-utils/filesystem.js:142:19)
    at async initialize (/root/app-survey/node_modules/next/dist/server/lib/router-server.js:56:23)
    at async Server.<anonymous> (/root/app-survey/node_modules/next/dist/server/lib/start-server.js:221:36) {
  errno: -2,
  code: 'ENOENT',
  syscall: 'open',
  path: '/root/app-survey/.next/BUILD_ID'
}
2026-02-04T11:00:10: Error: ENOENT: no such file or directory, open '/root/app-survey/.next/BUILD_ID'
    at async open (node:internal/fs/promises:639:25)
    at async Object.readFile (node:internal/fs/promises:1246:14)
    at async setupFsCheck (/root/app-survey/node_modules/next/dist/server/lib/router-utils/filesystem.js:142:19)
    at async initialize (/root/app-survey/node_modules/next/dist/server/lib/router-server.js:56:23)
    at async Server.<anonymous> (/root/app-survey/node_modules/next/dist/server/lib/start-server.js:221:36) {
  errno: -2,
  code: 'ENOENT',
  syscall: 'open',
  path: '/root/app-survey/.next/BUILD_ID'
}
2026-02-04T11:00:11: Error: ENOENT: no such file or directory, open '/root/app-survey/.next/BUILD_ID'
    at async open (node:internal/fs/promises:639:25)
    at async Object.readFile (node:internal/fs/promises:1246:14)
    at async setupFsCheck (/root/app-survey/node_modules/next/dist/server/lib/router-utils/filesystem.js:142:19)
    at async initialize (/root/app-survey/node_modules/next/dist/server/lib/router-server.js:56:23)
    at async Server.<anonymous> (/root/app-survey/node_modules/next/dist/server/lib/start-server.js:221:36) {
  errno: -2,
  code: 'ENOENT',
  syscall: 'open',
  path: '/root/app-survey/.next/BUILD_ID'
}
2026-02-04T11:00:11: Error: ENOENT: no such file or directory, open '/root/app-survey/.next/BUILD_ID'
    at async open (node:internal/fs/promises:639:25)
    at async Object.readFile (node:internal/fs/promises:1246:14)
    at async setupFsCheck (/root/app-survey/node_modules/next/dist/server/lib/router-utils/filesystem.js:142:19)
    at async initialize (/root/app-survey/node_modules/next/dist/server/lib/router-server.js:56:23)
    at async Server.<anonymous> (/root/app-survey/node_modules/next/dist/server/lib/start-server.js:221:36) {
  errno: -2,
  code: 'ENOENT',
  syscall: 'open',
  path: '/root/app-survey/.next/BUILD_ID'
}
2026-02-04T11:00:12: Error: ENOENT: no such file or directory, open '/root/app-survey/.next/BUILD_ID'
    at async open (node:internal/fs/promises:639:25)
    at async Object.readFile (node:internal/fs/promises:1246:14)
    at async setupFsCheck (/root/app-survey/node_modules/next/dist/server/lib/router-utils/filesystem.js:142:19)
    at async initialize (/root/app-survey/node_modules/next/dist/server/lib/router-server.js:56:23)
    at async Server.<anonymous> (/root/app-survey/node_modules/next/dist/server/lib/start-server.js:221:36) {
  errno: -2,
  code: 'ENOENT',
  syscall: 'open',
  path: '/root/app-survey/.next/BUILD_ID'
}
2026-02-04T11:00:13: Error: ENOENT: no such file or directory, open '/root/app-survey/.next/BUILD_ID'
    at async open (node:internal/fs/promises:639:25)
    at async Object.readFile (node:internal/fs/promises:1246:14)
    at async setupFsCheck (/root/app-survey/node_modules/next/dist/server/lib/router-utils/filesystem.js:142:19)
    at async initialize (/root/app-survey/node_modules/next/dist/server/lib/router-server.js:56:23)
    at async Server.<anonymous> (/root/app-survey/node_modules/next/dist/server/lib/start-server.js:221:36) {
  errno: -2,
  code: 'ENOENT',
  syscall: 'open',
  path: '/root/app-survey/.next/BUILD_ID'
}
2026-02-04T11:00:13: Error: ENOENT: no such file or directory, open '/root/app-survey/.next/BUILD_ID'
    at async open (node:internal/fs/promises:639:25)
    at async Object.readFile (node:internal/fs/promises:1246:14)
    at async setupFsCheck (/root/app-survey/node_modules/next/dist/server/lib/router-utils/filesystem.js:142:19)
    at async initialize (/root/app-survey/node_modules/next/dist/server/lib/router-server.js:56:23)
    at async Server.<anonymous> (/root/app-survey/node_modules/next/dist/server/lib/start-server.js:221:36) {
  errno: -2,
  code: 'ENOENT',
  syscall: 'open',
  path: '/root/app-survey/.next/BUILD_ID'
}
2026-02-04T11:00:31: Error: ENOENT: no such file or directory, open '/root/app-survey/.next/BUILD_ID'
    at async open (node:internal/fs/promises:639:25)
    at async Object.readFile (node:internal/fs/promises:1246:14)
    at async setupFsCheck (/root/app-survey/node_modules/next/dist/server/lib/router-utils/filesystem.js:142:19)
    at async initialize (/root/app-survey/node_modules/next/dist/server/lib/router-server.js:56:23)
    at async Server.<anonymous> (/root/app-survey/node_modules/next/dist/server/lib/start-server.js:221:36) {
  errno: -2,
  code: 'ENOENT',
  syscall: 'open',
  path: '/root/app-survey/.next/BUILD_ID'
}
2026-02-04T11:00:32: Error: ENOENT: no such file or directory, open '/root/app-survey/.next/BUILD_ID'
    at async open (node:internal/fs/promises:639:25)
    at async Object.readFile (node:internal/fs/promises:1246:14)
    at async setupFsCheck (/root/app-survey/node_modules/next/dist/server/lib/router-utils/filesystem.js:142:19)
    at async initialize (/root/app-survey/node_modules/next/dist/server/lib/router-server.js:56:23)
    at async Server.<anonymous> (/root/app-survey/node_modules/next/dist/server/lib/start-server.js:221:36) {
  errno: -2,
  code: 'ENOENT',
  syscall: 'open',
  path: '/root/app-survey/.next/BUILD_ID'
}
2026-02-04T11:00:32: Error: ENOENT: no such file or directory, open '/root/app-survey/.next/BUILD_ID'
    at async open (node:internal/fs/promises:639:25)
    at async Object.readFile (node:internal/fs/promises:1246:14)
    at async setupFsCheck (/root/app-survey/node_modules/next/dist/server/lib/router-utils/filesystem.js:142:19)
    at async initialize (/root/app-survey/node_modules/next/dist/server/lib/router-server.js:56:23)
    at async Server.<anonymous> (/root/app-survey/node_modules/next/dist/server/lib/start-server.js:221:36) {
  errno: -2,
  code: 'ENOENT',
  syscall: 'open',
  path: '/root/app-survey/.next/BUILD_ID'
}
2026-02-04T11:00:33: Error: ENOENT: no such file or directory, open '/root/app-survey/.next/BUILD_ID'
    at async open (node:internal/fs/promises:639:25)
    at async Object.readFile (node:internal/fs/promises:1246:14)
    at async setupFsCheck (/root/app-survey/node_modules/next/dist/server/lib/router-utils/filesystem.js:142:19)
    at async initialize (/root/app-survey/node_modules/next/dist/server/lib/router-server.js:56:23)
    at async Server.<anonymous> (/root/app-survey/node_modules/next/dist/server/lib/start-server.js:221:36) {
  errno: -2,
  code: 'ENOENT',
  syscall: 'open',
  path: '/root/app-survey/.next/BUILD_ID'
}
2026-02-04T11:00:34: Error: ENOENT: no such file or directory, open '/root/app-survey/.next/BUILD_ID'
    at async open (node:internal/fs/promises:639:25)
    at async Object.readFile (node:internal/fs/promises:1246:14)
    at async setupFsCheck (/root/app-survey/node_modules/next/dist/server/lib/router-utils/filesystem.js:142:19)
    at async initialize (/root/app-survey/node_modules/next/dist/server/lib/router-server.js:56:23)
    at async Server.<anonymous> (/root/app-survey/node_modules/next/dist/server/lib/start-server.js:221:36) {
  errno: -2,
  code: 'ENOENT',
  syscall: 'open',
  path: '/root/app-survey/.next/BUILD_ID'
}
2026-02-04T11:00:34: Error: ENOENT: no such file or directory, open '/root/app-survey/.next/BUILD_ID'
    at async open (node:internal/fs/promises:639:25)
    at async Object.readFile (node:internal/fs/promises:1246:14)
    at async setupFsCheck (/root/app-survey/node_modules/next/dist/server/lib/router-utils/filesystem.js:142:19)
    at async initialize (/root/app-survey/node_modules/next/dist/server/lib/router-server.js:56:23)
    at async Server.<anonymous> (/root/app-survey/node_modules/next/dist/server/lib/start-server.js:221:36) {
  errno: -2,
  code: 'ENOENT',
  syscall: 'open',
  path: '/root/app-survey/.next/BUILD_ID'
}
2026-02-04T11:00:35: Error: ENOENT: no such file or directory, open '/root/app-survey/.next/BUILD_ID'
    at async open (node:internal/fs/promises:639:25)
    at async Object.readFile (node:internal/fs/promises:1246:14)
    at async setupFsCheck (/root/app-survey/node_modules/next/dist/server/lib/router-utils/filesystem.js:142:19)
    at async initialize (/root/app-survey/node_modules/next/dist/server/lib/router-server.js:56:23)
    at async Server.<anonymous> (/root/app-survey/node_modules/next/dist/server/lib/start-server.js:221:36) {
  errno: -2,
  code: 'ENOENT',
  syscall: 'open',
  path: '/root/app-survey/.next/BUILD_ID'
}
2026-02-04T11:00:36: Error: ENOENT: no such file or directory, open '/root/app-survey/.next/BUILD_ID'
    at async open (node:internal/fs/promises:639:25)
    at async Object.readFile (node:internal/fs/promises:1246:14)
    at async setupFsCheck (/root/app-survey/node_modules/next/dist/server/lib/router-utils/filesystem.js:142:19)
    at async initialize (/root/app-survey/node_modules/next/dist/server/lib/router-server.js:56:23)
    at async Server.<anonymous> (/root/app-survey/node_modules/next/dist/server/lib/start-server.js:221:36) {
  errno: -2,
  code: 'ENOENT',
  syscall: 'open',
  path: '/root/app-survey/.next/BUILD_ID'
}
2026-02-04T11:00:37: Error: ENOENT: no such file or directory, open '/root/app-survey/.next/BUILD_ID'
    at async open (node:internal/fs/promises:639:25)
    at async Object.readFile (node:internal/fs/promises:1246:14)
    at async setupFsCheck (/root/app-survey/node_modules/next/dist/server/lib/router-utils/filesystem.js:142:19)
    at async initialize (/root/app-survey/node_modules/next/dist/server/lib/router-server.js:56:23)
    at async Server.<anonymous> (/root/app-survey/node_modules/next/dist/server/lib/start-server.js:221:36) {
  errno: -2,
  code: 'ENOENT',
  syscall: 'open',
  path: '/root/app-survey/.next/BUILD_ID'
}
2026-02-04T11:00:38: Error: ENOENT: no such file or directory, open '/root/app-survey/.next/BUILD_ID'
    at async open (node:internal/fs/promises:639:25)
    at async Object.readFile (node:internal/fs/promises:1246:14)
    at async setupFsCheck (/root/app-survey/node_modules/next/dist/server/lib/router-utils/filesystem.js:142:19)
    at async initialize (/root/app-survey/node_modules/next/dist/server/lib/router-server.js:56:23)
    at async Server.<anonymous> (/root/app-survey/node_modules/next/dist/server/lib/start-server.js:221:36) {
  errno: -2,
  code: 'ENOENT',
  syscall: 'open',
  path: '/root/app-survey/.next/BUILD_ID'
}
2026-02-04T11:00:38: Error: ENOENT: no such file or directory, open '/root/app-survey/.next/BUILD_ID'
    at async open (node:internal/fs/promises:639:25)
    at async Object.readFile (node:internal/fs/promises:1246:14)
    at async setupFsCheck (/root/app-survey/node_modules/next/dist/server/lib/router-utils/filesystem.js:142:19)
    at async initialize (/root/app-survey/node_modules/next/dist/server/lib/router-server.js:56:23)
    at async Server.<anonymous> (/root/app-survey/node_modules/next/dist/server/lib/start-server.js:221:36) {
  errno: -2,
  code: 'ENOENT',
  syscall: 'open',
  path: '/root/app-survey/.next/BUILD_ID'
}
2026-02-04T11:00:39: Error: ENOENT: no such file or directory, open '/root/app-survey/.next/BUILD_ID'
    at async open (node:internal/fs/promises:639:25)
    at async Object.readFile (node:internal/fs/promises:1246:14)
    at async setupFsCheck (/root/app-survey/node_modules/next/dist/server/lib/router-utils/filesystem.js:142:19)
    at async initialize (/root/app-survey/node_modules/next/dist/server/lib/router-server.js:56:23)
    at async Server.<anonymous> (/root/app-survey/node_modules/next/dist/server/lib/start-server.js:221:36) {
  errno: -2,
  code: 'ENOENT',
  syscall: 'open',
  path: '/root/app-survey/.next/BUILD_ID'
}
2026-02-04T11:00:40: Error: ENOENT: no such file or directory, open '/root/app-survey/.next/BUILD_ID'
    at async open (node:internal/fs/promises:639:25)
    at async Object.readFile (node:internal/fs/promises:1246:14)
    at async setupFsCheck (/root/app-survey/node_modules/next/dist/server/lib/router-utils/filesystem.js:142:19)
    at async initialize (/root/app-survey/node_modules/next/dist/server/lib/router-server.js:56:23)
    at async Server.<anonymous> (/root/app-survey/node_modules/next/dist/server/lib/start-server.js:221:36) {
  errno: -2,
  code: 'ENOENT',
  syscall: 'open',
  path: '/root/app-survey/.next/BUILD_ID'
}
2026-02-04T11:00:40: Error: ENOENT: no such file or directory, open '/root/app-survey/.next/BUILD_ID'
    at async open (node:internal/fs/promises:639:25)
    at async Object.readFile (node:internal/fs/promises:1246:14)
    at async setupFsCheck (/root/app-survey/node_modules/next/dist/server/lib/router-utils/filesystem.js:142:19)
    at async initialize (/root/app-survey/node_modules/next/dist/server/lib/router-server.js:56:23)
    at async Server.<anonymous> (/root/app-survey/node_modules/next/dist/server/lib/start-server.js:221:36) {
  errno: -2,
  code: 'ENOENT',
  syscall: 'open',
  path: '/root/app-survey/.next/BUILD_ID'
}
2026-02-04T11:00:41: Error: ENOENT: no such file or directory, open '/root/app-survey/.next/BUILD_ID'
    at async open (node:internal/fs/promises:639:25)
    at async Object.readFile (node:internal/fs/promises:1246:14)
    at async setupFsCheck (/root/app-survey/node_modules/next/dist/server/lib/router-utils/filesystem.js:142:19)
    at async initialize (/root/app-survey/node_modules/next/dist/server/lib/router-server.js:56:23)
    at async Server.<anonymous> (/root/app-survey/node_modules/next/dist/server/lib/start-server.js:221:36) {
  errno: -2,
  code: 'ENOENT',
  syscall: 'open',
  path: '/root/app-survey/.next/BUILD_ID'
}
2026-02-04T11:00:41: Error: ENOENT: no such file or directory, open '/root/app-survey/.next/BUILD_ID'
    at async open (node:internal/fs/promises:639:25)
    at async Object.readFile (node:internal/fs/promises:1246:14)
    at async setupFsCheck (/root/app-survey/node_modules/next/dist/server/lib/router-utils/filesystem.js:142:19)
    at async initialize (/root/app-survey/node_modules/next/dist/server/lib/router-server.js:56:23)
    at async Server.<anonymous> (/root/app-survey/node_modules/next/dist/server/lib/start-server.js:221:36) {
  errno: -2,
  code: 'ENOENT',
  syscall: 'open',
  path: '/root/app-survey/.next/BUILD_ID'
}
2026-02-04T16:22:17: Invariant: failed to load static page {
  "page": "/",
  "url": "/",
  "initUrl": "https://localhost:8090/"
}
2026-02-04T16:22:17: MissingStaticPage [Error]: Failed to load static file for page: / ENOENT: no such file or directory, open '/root/app-survey/.next/server/pages/index.html'
    at /root/app-survey/node_modules/next/dist/server/require.js:102:19
    at async loadComponentsImpl (/root/app-survey/node_modules/next/dist/server/load-components.js:59:26)
    at async NextNodeServer.findPageComponentsImpl (/root/app-survey/node_modules/next/dist/server/next-server.js:439:36)
    at async NextNodeServer.renderPageComponent (/root/app-survey/node_modules/next/dist/server/base-server.js:1588:24)
    at async NextNodeServer.renderToResponseImpl (/root/app-survey/node_modules/next/dist/server/base-server.js:1638:32)
    at async NextNodeServer.pipeImpl (/root/app-survey/node_modules/next/dist/server/base-server.js:826:25)
    at async NextNodeServer.handleCatchallRenderRequest (/root/app-survey/node_modules/next/dist/server/next-server.js:623:13)
    at async NextNodeServer.handleRequestImpl (/root/app-survey/node_modules/next/dist/server/base-server.js:728:17)
2026-02-04T16:22:18: MissingStaticPage [Error]: Failed to load static file for page: /404 ENOENT: no such file or directory, open '/root/app-survey/.next/server/pages/404.html'
    at /root/app-survey/node_modules/next/dist/server/require.js:102:19
    at async loadComponentsImpl (/root/app-survey/node_modules/next/dist/server/load-components.js:59:26)
    at async NextNodeServer.findPageComponentsImpl (/root/app-survey/node_modules/next/dist/server/next-server.js:439:36)
    at async NextNodeServer.renderErrorToResponseImpl (/root/app-survey/node_modules/next/dist/server/base-server.js:1776:30)
    at async pipe.req.req (/root/app-survey/node_modules/next/dist/server/base-server.js:1732:30)
    at async NextNodeServer.pipeImpl (/root/app-survey/node_modules/next/dist/server/base-server.js:826:25)
2026-02-04T16:23:53: Invariant: failed to load static page {
  "page": "/",
  "url": "/",
  "initUrl": "https://localhost:8090/"
}
2026-02-04T16:23:53: MissingStaticPage [Error]: Failed to load static file for page: / ENOENT: no such file or directory, open '/root/app-survey/.next/server/pages/index.html'
    at /root/app-survey/node_modules/next/dist/server/require.js:102:19
    at async loadComponentsImpl (/root/app-survey/node_modules/next/dist/server/load-components.js:59:26)
    at async NextNodeServer.findPageComponentsImpl (/root/app-survey/node_modules/next/dist/server/next-server.js:439:36)
    at async NextNodeServer.renderPageComponent (/root/app-survey/node_modules/next/dist/server/base-server.js:1588:24)
    at async NextNodeServer.renderToResponseImpl (/root/app-survey/node_modules/next/dist/server/base-server.js:1638:32)
    at async NextNodeServer.pipeImpl (/root/app-survey/node_modules/next/dist/server/base-server.js:826:25)
    at async NextNodeServer.handleCatchallRenderRequest (/root/app-survey/node_modules/next/dist/server/next-server.js:623:13)
    at async NextNodeServer.handleRequestImpl (/root/app-survey/node_modules/next/dist/server/base-server.js:728:17)
2026-02-04T16:24:03: Invariant: failed to load static page {
  "page": "/",
  "url": "/",
  "initUrl": "https://localhost:8090/"
}
2026-02-04T16:24:03: MissingStaticPage [Error]: Failed to load static file for page: / ENOENT: no such file or directory, open '/root/app-survey/.next/server/pages/index.html'
    at /root/app-survey/node_modules/next/dist/server/require.js:102:19
    at async loadComponentsImpl (/root/app-survey/node_modules/next/dist/server/load-components.js:59:26)
    at async NextNodeServer.findPageComponentsImpl (/root/app-survey/node_modules/next/dist/server/next-server.js:439:36)
    at async NextNodeServer.renderPageComponent (/root/app-survey/node_modules/next/dist/server/base-server.js:1588:24)
    at async NextNodeServer.renderToResponseImpl (/root/app-survey/node_modules/next/dist/server/base-server.js:1638:32)
    at async NextNodeServer.pipeImpl (/root/app-survey/node_modules/next/dist/server/base-server.js:826:25)
    at async NextNodeServer.handleCatchallRenderRequest (/root/app-survey/node_modules/next/dist/server/next-server.js:623:13)
    at async NextNodeServer.handleRequestImpl (/root/app-survey/node_modules/next/dist/server/base-server.js:728:17)
2026-02-04T16:24:07: Invariant: failed to load static page {
  "page": "/",
  "url": "/",
  "initUrl": "https://localhost:8090/"
}
2026-02-04T16:24:07: MissingStaticPage [Error]: Failed to load static file for page: / ENOENT: no such file or directory, open '/root/app-survey/.next/server/pages/index.html'
    at /root/app-survey/node_modules/next/dist/server/require.js:102:19
    at async loadComponentsImpl (/root/app-survey/node_modules/next/dist/server/load-components.js:59:26)
    at async NextNodeServer.findPageComponentsImpl (/root/app-survey/node_modules/next/dist/server/next-server.js:439:36)
    at async NextNodeServer.renderPageComponent (/root/app-survey/node_modules/next/dist/server/base-server.js:1588:24)
    at async NextNodeServer.renderToResponseImpl (/root/app-survey/node_modules/next/dist/server/base-server.js:1638:32)
    at async NextNodeServer.pipeImpl (/root/app-survey/node_modules/next/dist/server/base-server.js:826:25)
    at async NextNodeServer.handleCatchallRenderRequest (/root/app-survey/node_modules/next/dist/server/next-server.js:623:13)
    at async NextNodeServer.handleRequestImpl (/root/app-survey/node_modules/next/dist/server/base-server.js:728:17)
2026-02-04T16:26:59: Invariant: failed to load static page {
  "page": "/",
  "url": "/",
  "initUrl": "https://localhost:8090/"
}
2026-02-04T16:26:59: MissingStaticPage [Error]: Failed to load static file for page: / ENOENT: no such file or directory, open '/root/app-survey/.next/server/pages/index.html'
    at /root/app-survey/node_modules/next/dist/server/require.js:102:19
    at async loadComponentsImpl (/root/app-survey/node_modules/next/dist/server/load-components.js:59:26)
    at async NextNodeServer.findPageComponentsImpl (/root/app-survey/node_modules/next/dist/server/next-server.js:439:36)
    at async NextNodeServer.renderPageComponent (/root/app-survey/node_modules/next/dist/server/base-server.js:1588:24)
    at async NextNodeServer.renderToResponseImpl (/root/app-survey/node_modules/next/dist/server/base-server.js:1638:32)
    at async NextNodeServer.pipeImpl (/root/app-survey/node_modules/next/dist/server/base-server.js:826:25)
    at async NextNodeServer.handleCatchallRenderRequest (/root/app-survey/node_modules/next/dist/server/next-server.js:623:13)
    at async NextNodeServer.handleRequestImpl (/root/app-survey/node_modules/next/dist/server/base-server.js:728:17)
2026-02-04T16:27:07: Error: ENOENT: no such file or directory, open '/root/app-survey/.next/BUILD_ID'
    at async open (node:internal/fs/promises:639:25)
    at async Object.readFile (node:internal/fs/promises:1246:14)
    at async setupFsCheck (/root/app-survey/node_modules/next/dist/server/lib/router-utils/filesystem.js:142:19)
    at async initialize (/root/app-survey/node_modules/next/dist/server/lib/router-server.js:56:23)
    at async Server.<anonymous> (/root/app-survey/node_modules/next/dist/server/lib/start-server.js:221:36) {
  errno: -2,
  code: 'ENOENT',
  syscall: 'open',
  path: '/root/app-survey/.next/BUILD_ID'
}
2026-02-04T16:27:08: Error: ENOENT: no such file or directory, open '/root/app-survey/.next/BUILD_ID'
    at async open (node:internal/fs/promises:639:25)
    at async Object.readFile (node:internal/fs/promises:1246:14)
    at async setupFsCheck (/root/app-survey/node_modules/next/dist/server/lib/router-utils/filesystem.js:142:19)
    at async initialize (/root/app-survey/node_modules/next/dist/server/lib/router-server.js:56:23)
    at async Server.<anonymous> (/root/app-survey/node_modules/next/dist/server/lib/start-server.js:221:36) {
  errno: -2,
  code: 'ENOENT',
  syscall: 'open',
  path: '/root/app-survey/.next/BUILD_ID'
}
2026-02-04T16:27:09: Error: ENOENT: no such file or directory, open '/root/app-survey/.next/BUILD_ID'
    at async open (node:internal/fs/promises:639:25)
    at async Object.readFile (node:internal/fs/promises:1246:14)
    at async setupFsCheck (/root/app-survey/node_modules/next/dist/server/lib/router-utils/filesystem.js:142:19)
    at async initialize (/root/app-survey/node_modules/next/dist/server/lib/router-server.js:56:23)
    at async Server.<anonymous> (/root/app-survey/node_modules/next/dist/server/lib/start-server.js:221:36) {
  errno: -2,
  code: 'ENOENT',
  syscall: 'open',
  path: '/root/app-survey/.next/BUILD_ID'
}
2026-02-04T16:27:10: Error: ENOENT: no such file or directory, open '/root/app-survey/.next/BUILD_ID'
    at async open (node:internal/fs/promises:639:25)
    at async Object.readFile (node:internal/fs/promises:1246:14)
    at async setupFsCheck (/root/app-survey/node_modules/next/dist/server/lib/router-utils/filesystem.js:142:19)
    at async initialize (/root/app-survey/node_modules/next/dist/server/lib/router-server.js:56:23)
    at async Server.<anonymous> (/root/app-survey/node_modules/next/dist/server/lib/start-server.js:221:36) {
  errno: -2,
  code: 'ENOENT',
  syscall: 'open',
  path: '/root/app-survey/.next/BUILD_ID'
}
2026-02-04T16:27:10: Error: ENOENT: no such file or directory, open '/root/app-survey/.next/BUILD_ID'
    at async open (node:internal/fs/promises:639:25)
    at async Object.readFile (node:internal/fs/promises:1246:14)
    at async setupFsCheck (/root/app-survey/node_modules/next/dist/server/lib/router-utils/filesystem.js:142:19)
    at async initialize (/root/app-survey/node_modules/next/dist/server/lib/router-server.js:56:23)
    at async Server.<anonymous> (/root/app-survey/node_modules/next/dist/server/lib/start-server.js:221:36) {
  errno: -2,
  code: 'ENOENT',
  syscall: 'open',
  path: '/root/app-survey/.next/BUILD_ID'
}
2026-02-04T16:27:11: Error: ENOENT: no such file or directory, open '/root/app-survey/.next/BUILD_ID'
    at async open (node:internal/fs/promises:639:25)
    at async Object.readFile (node:internal/fs/promises:1246:14)
    at async setupFsCheck (/root/app-survey/node_modules/next/dist/server/lib/router-utils/filesystem.js:142:19)
    at async initialize (/root/app-survey/node_modules/next/dist/server/lib/router-server.js:56:23)
    at async Server.<anonymous> (/root/app-survey/node_modules/next/dist/server/lib/start-server.js:221:36) {
  errno: -2,
  code: 'ENOENT',
  syscall: 'open',
  path: '/root/app-survey/.next/BUILD_ID'
}
2026-02-04T16:27:12: Error: ENOENT: no such file or directory, open '/root/app-survey/.next/BUILD_ID'
    at async open (node:internal/fs/promises:639:25)
    at async Object.readFile (node:internal/fs/promises:1246:14)
    at async setupFsCheck (/root/app-survey/node_modules/next/dist/server/lib/router-utils/filesystem.js:142:19)
    at async initialize (/root/app-survey/node_modules/next/dist/server/lib/router-server.js:56:23)
    at async Server.<anonymous> (/root/app-survey/node_modules/next/dist/server/lib/start-server.js:221:36) {
  errno: -2,
  code: 'ENOENT',
  syscall: 'open',
  path: '/root/app-survey/.next/BUILD_ID'
}
2026-02-04T16:27:12: Error: ENOENT: no such file or directory, open '/root/app-survey/.next/BUILD_ID'
    at async open (node:internal/fs/promises:639:25)
    at async Object.readFile (node:internal/fs/promises:1246:14)
    at async setupFsCheck (/root/app-survey/node_modules/next/dist/server/lib/router-utils/filesystem.js:142:19)
    at async initialize (/root/app-survey/node_modules/next/dist/server/lib/router-server.js:56:23)
    at async Server.<anonymous> (/root/app-survey/node_modules/next/dist/server/lib/start-server.js:221:36) {
  errno: -2,
  code: 'ENOENT',
  syscall: 'open',
  path: '/root/app-survey/.next/BUILD_ID'
}
2026-02-04T16:27:13: Error: ENOENT: no such file or directory, open '/root/app-survey/.next/BUILD_ID'
    at async open (node:internal/fs/promises:639:25)
    at async Object.readFile (node:internal/fs/promises:1246:14)
    at async setupFsCheck (/root/app-survey/node_modules/next/dist/server/lib/router-utils/filesystem.js:142:19)
    at async initialize (/root/app-survey/node_modules/next/dist/server/lib/router-server.js:56:23)
    at async Server.<anonymous> (/root/app-survey/node_modules/next/dist/server/lib/start-server.js:221:36) {
  errno: -2,
  code: 'ENOENT',
  syscall: 'open',
  path: '/root/app-survey/.next/BUILD_ID'
}
2026-02-04T16:27:14: Error: ENOENT: no such file or directory, open '/root/app-survey/.next/BUILD_ID'
    at async open (node:internal/fs/promises:639:25)
    at async Object.readFile (node:internal/fs/promises:1246:14)
    at async setupFsCheck (/root/app-survey/node_modules/next/dist/server/lib/router-utils/filesystem.js:142:19)
    at async initialize (/root/app-survey/node_modules/next/dist/server/lib/router-server.js:56:23)
    at async Server.<anonymous> (/root/app-survey/node_modules/next/dist/server/lib/start-server.js:221:36) {
  errno: -2,
  code: 'ENOENT',
  syscall: 'open',
  path: '/root/app-survey/.next/BUILD_ID'
}
2026-02-04T16:27:14: Error: ENOENT: no such file or directory, open '/root/app-survey/.next/BUILD_ID'
    at async open (node:internal/fs/promises:639:25)
    at async Object.readFile (node:internal/fs/promises:1246:14)
    at async setupFsCheck (/root/app-survey/node_modules/next/dist/server/lib/router-utils/filesystem.js:142:19)
    at async initialize (/root/app-survey/node_modules/next/dist/server/lib/router-server.js:56:23)
    at async Server.<anonymous> (/root/app-survey/node_modules/next/dist/server/lib/start-server.js:221:36) {
  errno: -2,
  code: 'ENOENT',
  syscall: 'open',
  path: '/root/app-survey/.next/BUILD_ID'
}
2026-02-04T16:27:15: Error: ENOENT: no such file or directory, open '/root/app-survey/.next/BUILD_ID'
    at async open (node:internal/fs/promises:639:25)
    at async Object.readFile (node:internal/fs/promises:1246:14)
    at async setupFsCheck (/root/app-survey/node_modules/next/dist/server/lib/router-utils/filesystem.js:142:19)
    at async initialize (/root/app-survey/node_modules/next/dist/server/lib/router-server.js:56:23)
    at async Server.<anonymous> (/root/app-survey/node_modules/next/dist/server/lib/start-server.js:221:36) {
  errno: -2,
  code: 'ENOENT',
  syscall: 'open',
  path: '/root/app-survey/.next/BUILD_ID'
}
2026-02-04T16:27:16: Error: ENOENT: no such file or directory, open '/root/app-survey/.next/BUILD_ID'
    at async open (node:internal/fs/promises:639:25)
    at async Object.readFile (node:internal/fs/promises:1246:14)
    at async setupFsCheck (/root/app-survey/node_modules/next/dist/server/lib/router-utils/filesystem.js:142:19)
    at async initialize (/root/app-survey/node_modules/next/dist/server/lib/router-server.js:56:23)
    at async Server.<anonymous> (/root/app-survey/node_modules/next/dist/server/lib/start-server.js:221:36) {
  errno: -2,
  code: 'ENOENT',
  syscall: 'open',
  path: '/root/app-survey/.next/BUILD_ID'
}
2026-02-04T16:27:17: Error: ENOENT: no such file or directory, open '/root/app-survey/.next/BUILD_ID'
    at async open (node:internal/fs/promises:639:25)
    at async Object.readFile (node:internal/fs/promises:1246:14)
    at async setupFsCheck (/root/app-survey/node_modules/next/dist/server/lib/router-utils/filesystem.js:142:19)
    at async initialize (/root/app-survey/node_modules/next/dist/server/lib/router-server.js:56:23)
    at async Server.<anonymous> (/root/app-survey/node_modules/next/dist/server/lib/start-server.js:221:36) {
  errno: -2,
  code: 'ENOENT',
  syscall: 'open',
  path: '/root/app-survey/.next/BUILD_ID'
}
2026-02-04T16:27:17: Error: ENOENT: no such file or directory, open '/root/app-survey/.next/BUILD_ID'
    at async open (node:internal/fs/promises:639:25)
    at async Object.readFile (node:internal/fs/promises:1246:14)
    at async setupFsCheck (/root/app-survey/node_modules/next/dist/server/lib/router-utils/filesystem.js:142:19)
    at async initialize (/root/app-survey/node_modules/next/dist/server/lib/router-server.js:56:23)
    at async Server.<anonymous> (/root/app-survey/node_modules/next/dist/server/lib/start-server.js:221:36) {
  errno: -2,
  code: 'ENOENT',
  syscall: 'open',
  path: '/root/app-survey/.next/BUILD_ID'
}
2026-02-04T16:27:18: Error: ENOENT: no such file or directory, open '/root/app-survey/.next/BUILD_ID'
    at async open (node:internal/fs/promises:639:25)
    at async Object.readFile (node:internal/fs/promises:1246:14)
    at async setupFsCheck (/root/app-survey/node_modules/next/dist/server/lib/router-utils/filesystem.js:142:19)
    at async initialize (/root/app-survey/node_modules/next/dist/server/lib/router-server.js:56:23)
    at async Server.<anonymous> (/root/app-survey/node_modules/next/dist/server/lib/start-server.js:221:36) {
  errno: -2,
  code: 'ENOENT',
  syscall: 'open',
  path: '/root/app-survey/.next/BUILD_ID'
}
2026-02-04T16:27:19: Error: ENOENT: no such file or directory, open '/root/app-survey/.next/BUILD_ID'
    at async open (node:internal/fs/promises:639:25)
    at async Object.readFile (node:internal/fs/promises:1246:14)
    at async setupFsCheck (/root/app-survey/node_modules/next/dist/server/lib/router-utils/filesystem.js:142:19)
    at async initialize (/root/app-survey/node_modules/next/dist/server/lib/router-server.js:56:23)
    at async Server.<anonymous> (/root/app-survey/node_modules/next/dist/server/lib/start-server.js:221:36) {
  errno: -2,
  code: 'ENOENT',
  syscall: 'open',
  path: '/root/app-survey/.next/BUILD_ID'
}
2026-02-05T02:25:09: Failed to proxy https://survey.thymez-tick.com/api/aws/index.js Error: socket hang up
    at TLSSocket.socketCloseListener (node:_http_client:477:27)
    at TLSSocket.emit (node:events:536:35)
    at node:net:343:12
    at TCP.done (node:_tls_wrap:648:7) {
  code: 'ECONNRESET'
}
2026-02-05T02:25:09: Error: socket hang up
    at TLSSocket.socketCloseListener (node:_http_client:477:27)
    at TLSSocket.emit (node:events:536:35)
    at node:net:343:12
    at TCP.done (node:_tls_wrap:648:7) {
  code: 'ECONNRESET'
}
