2026-02-02T14:56:31:   ▲ Next.js 13.5.6
2026-02-02T14:56:31:   - Local:        http://localhost:8090
2026-02-02T14:56:31: 
2026-02-02T14:56:31:  ✓ Ready in 1119ms
2026-02-02T15:02:42:   ▲ Next.js 13.5.6
2026-02-02T15:02:42:   - Local:        http://localhost:8090
2026-02-02T15:02:42: 
2026-02-02T15:02:42:  ✓ Ready in 598ms
2026-02-02T15:04:32:   ▲ Next.js 13.5.6
2026-02-02T15:04:32:   - Local:        http://localhost:8090
2026-02-02T15:04:32: 
2026-02-02T15:04:32:  ✓ Ready in 775ms
2026-02-02T15:08:14:   ▲ Next.js 13.5.6
2026-02-02T15:08:14:   - Local:        http://localhost:8090
2026-02-02T15:08:14: 
2026-02-02T15:08:14:  ✓ Ready in 694ms
2026-02-02T16:17:15:   ▲ Next.js 13.5.6
2026-02-02T16:17:15:   - Local:        http://localhost:8090
2026-02-02T16:17:15: 
2026-02-02T16:17:15:  ✓ Ready in 908ms
2026-02-02T16:30:43:   ▲ Next.js 13.5.6
2026-02-02T16:30:43:   - Local:        http://localhost:8090
2026-02-02T16:30:43: 
2026-02-02T16:30:43:  ✓ Ready in 719ms
2026-02-02T16:35:48:   ▲ Next.js 13.5.6
2026-02-02T16:35:48:   - Local:        http://localhost:8090
2026-02-02T16:35:48: 
2026-02-02T16:35:48:  ✓ Ready in 589ms
2026-02-02T16:40:01:   ▲ Next.js 13.5.6
2026-02-02T16:40:01:   - Local:        http://localhost:8090
2026-02-02T16:40:01: 
2026-02-02T16:40:01:  ✓ Ready in 681ms
2026-02-02T16:41:31:   ▲ Next.js 13.5.6
2026-02-02T16:41:31:   - Local:        http://localhost:8090
2026-02-02T16:41:31: 
2026-02-02T16:41:31:  ✓ Ready in 720ms
2026-02-02T16:42:52:   ▲ Next.js 13.5.6
2026-02-02T16:42:52:   - Local:        http://localhost:8090
2026-02-02T16:42:52: 
2026-02-02T16:42:52:  ✓ Ready in 703ms
2026-02-02T16:47:27:   ▲ Next.js 13.5.6
2026-02-02T16:47:27:   - Local:        http://localhost:8090
2026-02-02T16:47:27: 
2026-02-02T16:47:27:  ✓ Ready in 1208ms
2026-02-02T16:51:14:   ▲ Next.js 13.5.6
2026-02-02T16:51:14:   - Local:        http://localhost:8090
2026-02-02T16:51:14: 
2026-02-02T16:51:14:  ✓ Ready in 812ms
2026-02-02T16:55:06:   ▲ Next.js 13.5.6
2026-02-02T16:55:06:   - Local:        http://localhost:8090
2026-02-02T16:55:06: 
2026-02-02T16:55:06:  ✓ Ready in 650ms
2026-02-02T17:01:10:   ▲ Next.js 13.5.6
2026-02-02T17:01:10:   - Local:        http://localhost:8090
2026-02-02T17:01:10: 
2026-02-02T17:01:10:  ✓ Ready in 732ms
2026-02-02T17:05:27:   ▲ Next.js 13.5.6
2026-02-02T17:05:27:   - Local:        http://localhost:8090
2026-02-02T17:05:27: 
2026-02-02T17:05:27:  ✓ Ready in 739ms
2026-02-02T17:07:27:   ▲ Next.js 13.5.6
2026-02-02T17:07:27:   - Local:        http://localhost:8090
2026-02-02T17:07:27: 
2026-02-02T17:07:27:  ✓ Ready in 662ms
2026-02-02T17:11:21:   ▲ Next.js 13.5.6
2026-02-02T17:11:21:   - Local:        http://localhost:8090
2026-02-02T17:11:21: 
2026-02-02T17:11:21:  ✓ Ready in 656ms
2026-02-02T17:13:53:   ▲ Next.js 13.5.6
2026-02-02T17:13:53:   - Local:        http://localhost:8090
2026-02-02T17:13:53: 
2026-02-02T17:13:53:  ✓ Ready in 990ms
2026-02-02T17:17:23:   ▲ Next.js 13.5.6
2026-02-02T17:17:23:   - Local:        http://localhost:8090
2026-02-02T17:17:23: 
2026-02-02T17:17:23:  ✓ Ready in 639ms
2026-02-02T17:21:04:   ▲ Next.js 13.5.6
2026-02-02T17:21:04:   - Local:        http://localhost:8090
2026-02-02T17:21:04: 
2026-02-02T17:21:04:  ✓ Ready in 762ms
2026-02-02T17:24:22:   ▲ Next.js 13.5.6
2026-02-02T17:24:22:   - Local:        http://localhost:8090
2026-02-02T17:24:22: 
2026-02-02T17:24:22:  ✓ Ready in 747ms
2026-02-02T17:27:25:   ▲ Next.js 13.5.6
2026-02-02T17:27:25:   - Local:        http://localhost:8090
2026-02-02T17:27:25: 
2026-02-02T17:27:25:  ✓ Ready in 1073ms
2026-02-03T09:40:53:   ▲ Next.js 13.5.6
2026-02-03T09:40:53:   - Local:        http://localhost:8090
2026-02-03T09:40:53: 
2026-02-03T09:40:53:  ✓ Ready in 702ms
2026-02-03T09:52:05:   ▲ Next.js 13.5.6
2026-02-03T09:52:05:   - Local:        http://localhost:8090
2026-02-03T09:52:05: 
2026-02-03T09:52:05:  ✓ Ready in 926ms
2026-02-03T09:59:45:   ▲ Next.js 13.5.6
2026-02-03T09:59:45:   - Local:        http://localhost:8090
2026-02-03T09:59:45: 
2026-02-03T09:59:45:  ✓ Ready in 744ms
2026-02-03T10:07:34:   ▲ Next.js 13.5.6
2026-02-03T10:07:34:   - Local:        http://localhost:8090
2026-02-03T10:07:34: 
2026-02-03T10:07:34:  ✓ Ready in 877ms
2026-02-03T10:11:04:   ▲ Next.js 13.5.6
2026-02-03T10:11:04:   - Local:        http://localhost:8090
2026-02-03T10:11:04: 
2026-02-03T10:11:04:  ✓ Ready in 731ms
2026-02-03T10:14:49:   ▲ Next.js 13.5.6
2026-02-03T10:14:49:   - Local:        http://localhost:8090
2026-02-03T10:14:49: 
2026-02-03T10:14:49:  ✓ Ready in 721ms
2026-02-03T11:20:22:   ▲ Next.js 13.5.6
2026-02-03T11:20:22:   - Local:        http://localhost:8090
2026-02-03T11:20:22: 
2026-02-03T11:20:22:  ✓ Ready in 878ms
2026-02-03T11:45:09:   ▲ Next.js 13.5.6
2026-02-03T11:45:09:   - Local:        http://localhost:8090
2026-02-03T11:45:09: 
2026-02-03T11:45:09:  ✓ Ready in 708ms
2026-02-03T11:57:38:   ▲ Next.js 13.5.6
2026-02-03T11:57:38:   - Local:        http://localhost:8090
2026-02-03T11:57:38: 
2026-02-03T11:57:38:  ✓ Ready in 604ms
2026-02-03T13:12:07:   ▲ Next.js 13.5.6
2026-02-03T13:12:07:   - Local:        http://localhost:8090
2026-02-03T13:12:07: 
2026-02-03T13:12:07:  ✓ Ready in 912ms
2026-02-03T16:21:52:   ▲ Next.js 13.5.6
2026-02-03T16:21:52:   - Local:        http://localhost:8090
2026-02-03T16:21:52: 
2026-02-03T16:21:52:  ✓ Ready in 965ms
2026-02-04T00:37:39:   ▲ Next.js 13.5.6
2026-02-04T00:37:39:   - Local:        http://localhost:8090
2026-02-04T00:37:39: 
2026-02-04T00:37:39:  ✓ Ready in 1734ms
2026-02-04T10:00:55:   ▲ Next.js 13.5.6
2026-02-04T10:00:55:   - Local:        http://localhost:8090
2026-02-04T10:00:55: 
2026-02-04T10:00:55:  ✓ Ready in 1144ms
2026-02-04T10:10:47:   ▲ Next.js 13.5.6
2026-02-04T10:10:47:   - Local:        http://localhost:8090
2026-02-04T10:10:47: 
2026-02-04T10:10:47:  ✓ Ready in 1103ms
2026-02-04T10:13:02:   ▲ Next.js 13.5.6
2026-02-04T10:13:02:   - Local:        http://localhost:8090
2026-02-04T10:13:02: 
2026-02-04T10:13:02:  ✓ Ready in 659ms
2026-02-04T10:15:24:   ▲ Next.js 13.5.6
2026-02-04T10:15:24:   - Local:        http://localhost:8090
2026-02-04T10:15:24: 
2026-02-04T10:15:24:  ✓ Ready in 720ms
2026-02-04T10:16:28:   ▲ Next.js 13.5.6
2026-02-04T10:16:28:   - Local:        http://localhost:8090
2026-02-04T10:16:28: 
2026-02-04T10:16:28:  ✓ Ready in 587ms
2026-02-04T10:17:43:   ▲ Next.js 13.5.6
2026-02-04T10:17:43:   - Local:        http://localhost:8090
2026-02-04T10:17:43: 
2026-02-04T10:17:43:  ✓ Ready in 554ms
2026-02-04T10:19:59:   ▲ Next.js 13.5.6
2026-02-04T10:19:59:   - Local:        http://localhost:8090
2026-02-04T10:19:59: 
2026-02-04T10:19:59:  ✓ Ready in 784ms
2026-02-04T10:23:19:   ▲ Next.js 13.5.6
2026-02-04T10:23:19:   - Local:        http://localhost:8090
2026-02-04T10:23:19: 
2026-02-04T10:23:19:  ✓ Ready in 701ms
2026-02-04T10:25:19:   ▲ Next.js 13.5.6
2026-02-04T10:25:19:   - Local:        http://localhost:8090
2026-02-04T10:25:19: 
2026-02-04T10:25:19:  ✓ Ready in 747ms
2026-02-04T10:29:40:   ▲ Next.js 13.5.6
2026-02-04T10:29:40:   - Local:        http://localhost:8090
2026-02-04T10:29:40: 
2026-02-04T10:29:40:  ✓ Ready in 654ms
2026-02-04T10:39:42:   ▲ Next.js 13.5.6
2026-02-04T10:39:42:   - Local:        http://localhost:8090
2026-02-04T10:39:42: 
2026-02-04T10:39:42:  ✓ Ready in 1082ms
2026-02-04T10:41:01:   ▲ Next.js 13.5.6
2026-02-04T10:41:01:   - Local:        http://localhost:8090
2026-02-04T10:41:01: 
2026-02-04T10:41:01:  ✓ Ready in 761ms
2026-02-04T10:43:03:   ▲ Next.js 13.5.6
2026-02-04T10:43:03:   - Local:        http://localhost:8090
2026-02-04T10:43:03: 
2026-02-04T10:43:03:  ✓ Ready in 687ms
2026-02-04T10:48:59:   ▲ Next.js 13.5.6
2026-02-04T10:48:59:   - Local:        http://localhost:8090
2026-02-04T10:48:59: 
2026-02-04T10:48:59:  ✓ Ready in 670ms
2026-02-04T10:51:09:   ▲ Next.js 13.5.6
2026-02-04T10:51:09:   - Local:        http://localhost:8090
2026-02-04T10:51:09: 
2026-02-04T10:51:09:  ✓ Ready in 599ms
2026-02-04T10:56:34:   ▲ Next.js 13.5.6
2026-02-04T10:56:34:   - Local:        http://localhost:8090
2026-02-04T10:56:34: 
2026-02-04T10:56:34:  ✓ Ready in 610ms
2026-02-04T11:02:08:   ▲ Next.js 13.5.6
2026-02-04T11:02:08:   - Local:        http://localhost:8090
2026-02-04T11:02:08: 
2026-02-04T11:02:08:  ✓ Ready in 710ms
2026-02-04T11:07:36:   ▲ Next.js 13.5.6
2026-02-04T11:07:36:   - Local:        http://localhost:8090
2026-02-04T11:07:36: 
2026-02-04T11:07:36:  ✓ Ready in 979ms
2026-02-04T11:18:40:   ▲ Next.js 13.5.6
2026-02-04T11:18:40:   - Local:        http://localhost:8090
2026-02-04T11:18:40: 
2026-02-04T11:18:40:  ✓ Ready in 873ms
2026-02-04T11:29:08:   ▲ Next.js 13.5.6
2026-02-04T11:29:08:   - Local:        http://localhost:8090
2026-02-04T11:29:08: 
2026-02-04T11:29:08:  ✓ Ready in 611ms
2026-02-04T11:32:57:   ▲ Next.js 13.5.6
2026-02-04T11:32:57:   - Local:        http://localhost:8090
2026-02-04T11:32:57: 
2026-02-04T11:32:57:  ✓ Ready in 645ms
2026-02-04T11:36:17:   ▲ Next.js 13.5.6
2026-02-04T11:36:17:   - Local:        http://localhost:8090
2026-02-04T11:36:17: 
2026-02-04T11:36:17:  ✓ Ready in 1033ms
2026-02-04T11:40:15:   ▲ Next.js 13.5.6
2026-02-04T11:40:15:   - Local:        http://localhost:8090
2026-02-04T11:40:15: 
2026-02-04T11:40:15:  ✓ Ready in 767ms
2026-02-04T11:44:06:   ▲ Next.js 13.5.6
2026-02-04T11:44:06:   - Local:        http://localhost:8090
2026-02-04T11:44:06: 
2026-02-04T11:44:06:  ✓ Ready in 1110ms
2026-02-04T11:46:36:   ▲ Next.js 13.5.6
2026-02-04T11:46:36:   - Local:        http://localhost:8090
2026-02-04T11:46:36: 
2026-02-04T11:46:36:  ✓ Ready in 956ms
2026-02-04T11:51:59:   ▲ Next.js 13.5.6
2026-02-04T11:51:59:   - Local:        http://localhost:8090
2026-02-04T11:51:59: 
2026-02-04T11:51:59:  ✓ Ready in 1062ms
2026-02-04T11:57:26:   ▲ Next.js 13.5.6
2026-02-04T11:57:26:   - Local:        http://localhost:8090
2026-02-04T11:57:26: 
2026-02-04T11:57:26:  ✓ Ready in 930ms
2026-02-04T13:20:44:   ▲ Next.js 13.5.6
2026-02-04T13:20:44:   - Local:        http://localhost:8090
2026-02-04T13:20:44: 
2026-02-04T13:20:44:  ✓ Ready in 1026ms
2026-02-04T13:23:50:   ▲ Next.js 13.5.6
2026-02-04T13:23:50:   - Local:        http://localhost:8090
2026-02-04T13:23:50: 
2026-02-04T13:23:50:  ✓ Ready in 617ms
2026-02-04T13:35:36:   ▲ Next.js 13.5.6
2026-02-04T13:35:36:   - Local:        http://localhost:8090
2026-02-04T13:35:36: 
2026-02-04T13:35:36:  ✓ Ready in 564ms
2026-02-04T13:42:40:   ▲ Next.js 13.5.6
2026-02-04T13:42:40:   - Local:        http://localhost:8090
2026-02-04T13:42:40: 
2026-02-04T13:42:40:  ✓ Ready in 592ms
2026-02-04T13:51:03:   ▲ Next.js 13.5.6
2026-02-04T13:51:03:   - Local:        http://localhost:8090
2026-02-04T13:51:03: 
2026-02-04T13:51:03:  ✓ Ready in 653ms
2026-02-04T13:56:07:   ▲ Next.js 13.5.6
2026-02-04T13:56:07:   - Local:        http://localhost:8090
2026-02-04T13:56:07: 
2026-02-04T13:56:07:  ✓ Ready in 705ms
2026-02-04T14:04:45:   ▲ Next.js 13.5.6
2026-02-04T14:04:45:   - Local:        http://localhost:8090
2026-02-04T14:04:45: 
2026-02-04T14:04:45:  ✓ Ready in 721ms
2026-02-04T14:06:21:   ▲ Next.js 13.5.6
2026-02-04T14:06:21:   - Local:        http://localhost:8090
2026-02-04T14:06:21: 
2026-02-04T14:06:21:  ✓ Ready in 617ms
2026-02-04T14:07:27:   ▲ Next.js 13.5.6
2026-02-04T14:07:27:   - Local:        http://localhost:8090
2026-02-04T14:07:27: 
2026-02-04T14:07:27:  ✓ Ready in 706ms
2026-02-04T14:11:12:   ▲ Next.js 13.5.6
2026-02-04T14:11:12:   - Local:        http://localhost:8090
2026-02-04T14:11:12: 
2026-02-04T14:11:12:  ✓ Ready in 755ms
2026-02-04T14:16:16:   ▲ Next.js 13.5.6
2026-02-04T14:16:16:   - Local:        http://localhost:8090
2026-02-04T14:16:16: 
2026-02-04T14:16:16:  ✓ Ready in 1016ms
2026-02-04T14:17:37:   ▲ Next.js 13.5.6
2026-02-04T14:17:37:   - Local:        http://localhost:8090
2026-02-04T14:17:37: 
2026-02-04T14:17:37:  ✓ Ready in 619ms
2026-02-04T14:26:30:   ▲ Next.js 13.5.6
2026-02-04T14:26:30:   - Local:        http://localhost:8090
2026-02-04T14:26:30: 
2026-02-04T14:26:30:  ✓ Ready in 716ms
2026-02-04T14:34:57:   ▲ Next.js 13.5.6
2026-02-04T14:34:57:   - Local:        http://localhost:8090
2026-02-04T14:34:57: 
2026-02-04T14:34:57:  ✓ Ready in 645ms
2026-02-04T14:50:14:   ▲ Next.js 13.5.6
2026-02-04T14:50:14:   - Local:        http://localhost:8090
2026-02-04T14:50:14: 
2026-02-04T14:50:14:  ✓ Ready in 931ms
2026-02-04T15:11:12:   ▲ Next.js 13.5.6
2026-02-04T15:11:12:   - Local:        http://localhost:8090
2026-02-04T15:11:12: 
2026-02-04T15:11:12:  ✓ Ready in 915ms
2026-02-04T15:14:41:   ▲ Next.js 13.5.6
2026-02-04T15:14:41:   - Local:        http://localhost:8090
2026-02-04T15:14:41: 
2026-02-04T15:14:41:  ✓ Ready in 901ms
2026-02-04T15:17:26:   ▲ Next.js 13.5.6
2026-02-04T15:17:26:   - Local:        http://localhost:8090
2026-02-04T15:17:26: 
2026-02-04T15:17:26:  ✓ Ready in 639ms
2026-02-04T15:21:44:   ▲ Next.js 13.5.6
2026-02-04T15:21:44:   - Local:        http://localhost:8090
2026-02-04T15:21:44: 
2026-02-04T15:21:44:  ✓ Ready in 690ms
2026-02-04T15:52:58:   ▲ Next.js 13.5.6
2026-02-04T15:52:58:   - Local:        http://localhost:8090
2026-02-04T15:52:58: 
2026-02-04T15:52:58:  ✓ Ready in 3.8s
2026-02-04T15:57:51:   ▲ Next.js 13.5.6
2026-02-04T15:57:51:   - Local:        http://localhost:8090
2026-02-04T15:57:51: 
2026-02-04T15:57:51:  ✓ Ready in 1084ms
2026-02-04T16:01:42:   ▲ Next.js 13.5.6
2026-02-04T16:01:42:   - Local:        http://localhost:8090
2026-02-04T16:01:42: 
2026-02-04T16:01:42:  ✓ Ready in 973ms
2026-02-04T16:03:23:   ▲ Next.js 13.5.6
2026-02-04T16:03:23:   - Local:        http://localhost:8090
2026-02-04T16:03:23: 
2026-02-04T16:03:23:  ✓ Ready in 622ms
2026-02-04T16:08:33:   ▲ Next.js 13.5.6
2026-02-04T16:08:33:   - Local:        http://localhost:8090
2026-02-04T16:08:33: 
2026-02-04T16:08:33:  ✓ Ready in 1058ms
2026-02-04T16:28:00:   ▲ Next.js 13.5.6
2026-02-04T16:28:00:   - Local:        http://localhost:8090
2026-02-04T16:28:00: 
2026-02-04T16:28:00:  ✓ Ready in 674ms
2026-02-04T16:30:24:   ▲ Next.js 13.5.6
2026-02-04T16:30:24:   - Local:        http://localhost:8090
2026-02-04T16:30:24: 
2026-02-04T16:30:24:  ✓ Ready in 916ms
2026-02-04T16:36:50:   ▲ Next.js 13.5.6
2026-02-04T16:36:50:   - Local:        http://localhost:8090
2026-02-04T16:36:50: 
2026-02-04T16:36:50:  ✓ Ready in 1041ms
2026-02-04T16:47:51:   ▲ Next.js 13.5.6
2026-02-04T16:47:51:   - Local:        http://localhost:8090
2026-02-04T16:47:51: 
2026-02-04T16:47:51:  ✓ Ready in 579ms
2026-02-04T16:53:29:   ▲ Next.js 13.5.6
2026-02-04T16:53:29:   - Local:        http://localhost:8090
2026-02-04T16:53:29: 
2026-02-04T16:53:29:  ✓ Ready in 1156ms
2026-02-04T16:57:55:   ▲ Next.js 13.5.6
2026-02-04T16:57:55:   - Local:        http://localhost:8090
2026-02-04T16:57:55: 
2026-02-04T16:57:55:  ✓ Ready in 908ms
2026-02-04T17:03:26:   ▲ Next.js 13.5.6
2026-02-04T17:03:26:   - Local:        http://localhost:8090
2026-02-04T17:03:26: 
2026-02-04T17:03:26:  ✓ Ready in 885ms
2026-02-04T17:21:53:   ▲ Next.js 13.5.6
2026-02-04T17:21:53:   - Local:        http://localhost:8090
2026-02-04T17:21:53: 
2026-02-04T17:21:53:  ✓ Ready in 979ms
2026-02-04T17:34:20:   ▲ Next.js 13.5.6
2026-02-04T17:34:20:   - Local:        http://localhost:8090
2026-02-04T17:34:20: 
2026-02-04T17:34:20:  ✓ Ready in 732ms
